[2014-11-16 01:23:36] START
[2014-11-16 20:25:36] EDIT test/controllers/default.py: 1
[2014-11-16 20:25:41] EDIT test/controllers/default.py: 0
[2014-11-16 20:25:43] EDIT test/controllers/default.py: 0
[2014-11-16 20:33:52] EDIT test/controllers/default.py: 2
[2014-11-16 20:33:59] EDIT test/controllers/default.py: 0
[2014-11-16 20:34:39] CREATE default/create.html: 0
[2014-11-16 20:41:45] EDIT test/controllers/default.py: 0
[2014-11-16 20:41:48] EDIT test/controllers/default.py: 0
[2014-11-16 20:41:50] EDIT test/controllers/default.py: 0
[2014-11-16 20:42:02] EDIT test/controllers/default.py: 0
[2014-11-16 20:44:32] EDIT test/controllers/default.py: 1
[2014-11-16 20:44:43] EDIT test/controllers/default.py: 0
[2014-11-16 20:44:49] EDIT test/controllers/default.py: 0
[2014-11-16 20:44:53] EDIT test/controllers/default.py: 0
[2014-11-16 20:54:35] EDIT test/models/db.py: 5
[2014-11-16 20:54:47] EDIT test/models/db.py: -5
[2014-11-16 20:54:47] EDIT test/models/db.py: 0
[2014-11-17 16:20:18] CREATE db1.py: 0
[2014-11-17 16:20:27] EDIT test/models/db1.py: 10
[2014-11-17 16:21:09] EDIT test/models/db1.py: 0
[2014-11-17 16:21:53] EDIT test/controllers/default.py: 0
[2014-11-17 16:21:59] EDIT test/controllers/default.py: 0
[2014-11-17 16:22:14] EDIT test/controllers/default.py: 0
[2014-11-17 16:22:16] EDIT test/controllers/default.py: 0
[2014-11-17 16:22:19] EDIT test/controllers/default.py: 0
[2014-11-17 16:22:48] EDIT test/controllers/default.py: 0
[2014-11-17 16:23:00] EDIT test/controllers/default.py: 0
[2014-11-17 16:23:22] CREATE default/post_add.html: 0
[2014-11-17 16:23:41] EDIT test/views/default/post_add.html: -2
[2014-11-17 16:23:50] EDIT test/views/default/post_add.html: 1
[2014-11-17 16:24:54] EDIT test/models/db1.py: 0
[2014-11-17 16:26:00] EDIT test/controllers/default.py: 0
[2014-11-17 16:26:34] EDIT test/controllers/default.py: 1
[2014-11-17 16:37:13] EDIT test/models/db1.py: 0
[2014-11-17 16:38:01] EDIT test/models/db1.py: 0
[2014-11-17 16:38:02] EDIT test/models/db1.py: 0
[2014-11-17 16:38:02] EDIT test/models/db1.py: 0
[2014-11-17 16:38:12] EDIT test/models/db1.py: 0
[2014-11-17 16:38:12] EDIT test/models/db1.py: 0
[2014-11-17 16:40:50] EDIT test/models/db1.py: 0
[2014-11-17 16:40:57] EDIT test/models/db1.py: 0
[2014-11-17 16:42:14] EDIT test/models/db1.py: 0
[2014-11-17 16:42:19] EDIT test/models/db1.py: 0
[2014-11-17 16:43:22] EDIT test/models/db1.py: 0
[2014-11-17 16:43:30] EDIT test/models/db1.py: 0
[2014-11-17 16:43:36] EDIT test/models/db1.py: 0
[2014-11-17 16:43:37] EDIT test/models/db1.py: 0
[2014-11-17 16:43:39] EDIT test/models/db1.py: 0
[2014-11-17 16:43:50] EDIT test/models/db1.py: 0
[2014-11-17 16:43:51] EDIT test/models/db1.py: 0
[2014-11-17 16:44:59] EDIT test/models/db1.py: 0
[2014-11-17 16:46:21] EDIT test/models/db1.py: 0
[2014-11-17 16:51:35] EDIT test/controllers/default.py: 0
[2014-11-17 16:52:17] EDIT test/controllers/default.py: 1
[2014-11-17 16:52:20] EDIT test/controllers/default.py: 0
[2014-11-17 16:53:35] EDIT test/controllers/default.py: 0
[2014-11-17 16:54:07] EDIT test/models/db1.py: 10
[2014-11-17 16:54:45] EDIT test/models/db1.py: -1
[2014-11-17 16:54:50] EDIT test/models/db1.py: 0
[2014-11-17 16:55:18] EDIT test/models/db1.py: 0
[2014-11-17 16:55:18] EDIT test/models/db1.py: 0
[2014-11-17 16:56:20] EDIT test/controllers/default.py: 2
[2014-11-17 16:56:45] EDIT test/controllers/default.py: 0
[2014-11-17 16:57:02] EDIT test/controllers/default.py: 1
[2014-11-17 19:28:54] EDIT test/models/db1.py: 0
[2014-11-17 19:29:56] EDIT test/models/db1.py: 0
[2014-11-17 19:30:03] EDIT test/controllers/default.py: 0
[2014-11-17 19:40:26] EDIT test/controllers/default.py: 1
[2014-11-17 19:42:06] EDIT test/controllers/default.py: 0
[2014-11-17 19:42:14] EDIT test/controllers/default.py: 0
[2014-11-17 19:43:01] EDIT test/controllers/default.py: 0
[2014-11-17 19:43:01] EDIT test/controllers/default.py: 0
[2014-11-17 19:43:02] EDIT test/controllers/default.py: 0
[2014-11-17 19:43:35] EDIT test/controllers/default.py: 0
[2014-11-17 19:46:32] EDIT test/controllers/default.py: 2
[2014-11-17 19:46:39] EDIT test/controllers/default.py: -3
[2014-11-17 19:46:43] EDIT test/controllers/default.py: 0
[2014-11-17 19:48:18] EDIT test/models/db1.py: 0
[2014-11-17 19:53:04] EDIT test/models/db1.py: 0
[2014-11-17 19:53:05] EDIT test/models/db1.py: 0
[2014-11-17 19:53:48] EDIT test/models/db1.py: 0
[2014-11-17 19:59:49] EDIT test/controllers/default.py: 0
[2014-11-17 20:00:15] EDIT test/controllers/default.py: 1
[2014-11-17 20:00:19] EDIT test/controllers/default.py: 0
[2014-11-17 20:00:28] EDIT test/controllers/default.py: 0
[2014-11-17 20:00:29] EDIT test/controllers/default.py: 0
[2014-11-17 20:03:39] EDIT test/models/db1.py: 0
[2014-11-17 20:03:48] EDIT test/models/db1.py: 1
[2014-11-17 20:04:16] EDIT test/models/db1.py: 0
[2014-11-17 20:05:00] EDIT test/models/db1.py: 0
[2014-11-17 20:08:08] EDIT test/controllers/default.py: 0
[2014-11-17 20:08:50] EDIT test/controllers/default.py: 1
[2014-11-17 20:08:58] EDIT test/controllers/default.py: 1
[2014-11-17 20:09:13] EDIT test/controllers/default.py: 1
[2014-11-17 20:10:51] EDIT test/controllers/default.py: 0
[2014-11-17 20:10:57] EDIT test/controllers/default.py: 0
[2014-11-17 20:11:04] EDIT test/controllers/default.py: 0
[2014-11-17 20:11:13] EDIT test/controllers/default.py: 0
[2014-11-17 20:12:37] EDIT test/controllers/default.py: 0
[2014-11-17 20:13:17] EDIT test/controllers/default.py: 0
[2014-11-17 20:13:22] EDIT test/controllers/default.py: 0
[2014-11-17 20:13:24] EDIT test/controllers/default.py: 0
[2014-11-17 20:13:27] EDIT test/controllers/default.py: 0
[2014-11-17 20:13:34] EDIT test/controllers/default.py: 0
[2014-11-17 20:21:10] EDIT test/controllers/default.py: -1
[2014-11-17 20:21:27] EDIT test/controllers/default.py: 0
[2014-11-17 20:23:38] EDIT test/controllers/default.py: 1
[2014-11-17 20:25:29] EDIT test/controllers/default.py: 0
[2014-11-17 20:26:13] EDIT test/controllers/default.py: 0
[2014-11-17 20:26:17] EDIT test/controllers/default.py: 0
[2014-11-17 20:26:21] EDIT test/controllers/default.py: 0
[2014-11-17 20:26:22] EDIT test/controllers/default.py: 0
[2014-11-17 20:26:26] EDIT test/controllers/default.py: 0
[2014-11-17 20:26:29] EDIT test/controllers/default.py: 0
[2014-11-17 20:28:00] EDIT test/controllers/default.py: 0
[2014-11-17 20:28:22] EDIT test/controllers/default.py: 0
[2014-11-17 20:30:47] EDIT test/controllers/default.py: 3
[2014-11-17 20:30:51] EDIT test/controllers/default.py: 0
[2014-11-17 20:31:04] EDIT test/controllers/default.py: 0
[2014-11-17 20:31:05] EDIT test/controllers/default.py: 0
[2014-11-17 20:31:16] EDIT test/controllers/default.py: 0
[2014-11-17 20:31:28] EDIT test/controllers/default.py: 0
[2014-11-17 20:33:20] EDIT test/controllers/default.py: 0
[2014-11-17 20:33:29] EDIT test/controllers/default.py: 0
[2014-11-17 20:34:24] EDIT test/controllers/default.py: 0
[2014-11-17 20:34:48] EDIT test/views/default/post_add.html: 0
[2014-11-17 20:35:14] DELETE test/views/default/post_add.html: -2
[2014-11-17 20:35:39] CREATE default/post_Add.html: 0
[2014-11-17 20:35:47] EDIT test/views/default/post_Add.html: -1
[2014-11-17 20:36:11] CREATE default/view_Add.html: 0
[2014-11-17 20:36:20] EDIT test/views/default/view_Add.html: -2
[2014-11-17 20:37:03] EDIT test/views/default/view_Add.html: 1
[2014-11-17 20:43:39] EDIT test/models/db1.py: 1
[2014-11-17 20:43:43] EDIT test/models/db1.py: 0
[2014-11-17 20:43:47] EDIT test/models/db1.py: 0
[2014-11-17 20:43:57] EDIT test/models/db1.py: 0
[2014-11-17 20:48:55] EDIT test/controllers/default.py: 2
[2014-11-17 20:49:22] EDIT test/views/default/view_Add.html: 1
[2014-11-17 20:49:33] EDIT test/views/default/view_Add.html: 0
[2014-11-17 20:49:52] EDIT test/views/default/view_Add.html: 0
[2014-11-17 20:50:44] EDIT test/views/default/view_Add.html: 0
[2014-11-17 20:55:27] EDIT test/views/default/view_Add.html: 0
[2014-11-17 22:02:17] EDIT test/controllers/default.py: 0
[2014-11-17 22:02:27] EDIT test/controllers/default.py: 0
[2014-11-17 22:02:41] EDIT test/views/default/view_Add.html: 0
[2014-11-17 22:05:10] CREATE default/download.html: 0
[2014-11-17 22:13:21] EDIT test/views/default/view_Add.html: 3
[2014-11-17 22:13:38] EDIT test/views/default/view_Add.html: 0
[2014-11-17 22:13:44] EDIT test/views/default/view_Add.html: -1
[2014-11-17 22:13:51] EDIT test/views/default/view_Add.html: 0
[2014-11-17 22:14:03] EDIT test/views/default/view_Add.html: 0
[2014-11-17 22:14:12] EDIT test/views/default/view_Add.html: 0
[2014-11-17 22:14:19] EDIT test/views/default/view_Add.html: 0
[2014-11-17 22:14:19] EDIT test/views/default/view_Add.html: 0
[2014-11-17 22:15:38] EDIT test/views/default/view_Add.html: 1
[2014-11-17 22:16:08] EDIT test/views/default/view_Add.html: 0
[2014-11-17 22:16:23] EDIT test/views/default/view_Add.html: 0
[2014-11-17 22:16:29] EDIT test/views/default/view_Add.html: 0
[2014-11-17 22:19:24] EDIT test/models/db1.py: 0
[2014-11-17 22:21:48] EDIT test/controllers/default.py: 0
[2014-11-17 22:21:57] EDIT test/controllers/default.py: 0
[2014-11-17 22:23:16] EDIT test/views/default/view_Add.html: 0
[2014-11-17 22:34:26] EDIT test/controllers/default.py: -2
[2014-11-17 22:44:03] EDIT test/views/default/view_Add.html: 0
[2014-11-17 22:44:04] EDIT test/views/default/view_Add.html: 0
[2014-11-17 22:45:16] EDIT test/views/default/view_Add.html: 0
[2014-11-17 22:46:50] DELETE test/views/default/view_Add.html.1: -6
[2014-11-17 22:47:02] EDIT test/views/default/view_Add.html: 0
[2014-11-17 22:47:02] EDIT test/views/default/view_Add.html: 0
[2014-11-17 23:11:08] EDIT test/models/db1.py: 0
[2014-11-17 23:11:09] EDIT test/models/db1.py: 0
[2014-11-18 01:10:06] EDIT IIIT_MarketPlace/views/layout.html: 0
[2014-11-18 01:10:06] EDIT IIIT_MarketPlace/views/layout.html: 0
[2014-11-18 01:10:06] EDIT IIIT_MarketPlace/views/layout.html: 0
[2014-11-18 01:25:50] EDIT IIIT_MarketPlace/models/menu.py: -3
[2014-11-18 01:29:00] EDIT IIIT_MarketPlace/models/menu.py: 3
[2014-11-18 01:29:00] EDIT IIIT_MarketPlace/models/menu.py: 0
[2014-11-18 01:34:15] EDIT IIIT_MarketPlace/models/menu.py: -97
[2014-11-18 01:34:50] EDIT IIIT_MarketPlace/models/menu.py: 1
[2014-11-18 01:34:51] EDIT IIIT_MarketPlace/models/menu.py: 0
[2014-11-18 01:35:29] EDIT IIIT_MarketPlace/models/menu.py: 2
[2014-11-18 01:35:29] EDIT IIIT_MarketPlace/models/menu.py: 0
[2014-11-18 01:35:38] EDIT IIIT_MarketPlace/models/menu.py: 0
[2014-11-18 01:35:39] EDIT IIIT_MarketPlace/models/menu.py: 0
[2014-11-18 01:35:39] EDIT IIIT_MarketPlace/models/menu.py: 0
[2014-11-18 01:36:08] EDIT IIIT_MarketPlace/models/menu.py: 0
[2014-11-18 01:36:08] EDIT IIIT_MarketPlace/models/menu.py: 0
[2014-11-18 01:36:08] EDIT IIIT_MarketPlace/models/menu.py: 0
[2014-11-18 01:38:21] EDIT IIIT_MarketPlace/models/menu.py: 0
[2014-11-18 01:38:21] EDIT IIIT_MarketPlace/models/menu.py: 0
[2014-11-18 01:38:46] EDIT IIIT_MarketPlace/models/menu.py: 0
[2014-11-18 01:38:46] EDIT IIIT_MarketPlace/models/menu.py: 0
[2014-11-18 01:38:47] EDIT IIIT_MarketPlace/models/menu.py: 0
[2014-11-18 01:44:48] EDIT IIIT_MarketPlace/models/menu.py: 0
[2014-11-18 01:44:48] EDIT IIIT_MarketPlace/models/menu.py: 0
[2014-11-18 01:44:48] EDIT IIIT_MarketPlace/models/menu.py: 0
[2014-11-18 01:45:16] EDIT IIIT_MarketPlace/models/menu.py: 0
[2014-11-18 01:45:16] EDIT IIIT_MarketPlace/models/menu.py: 0
[2014-11-18 01:45:16] EDIT IIIT_MarketPlace/models/menu.py: 0
[2014-11-18 01:45:53] EDIT IIIT_MarketPlace/models/menu.py: 0
[2014-11-18 01:54:23] EDIT IIIT_MarketPlace/models/menu.py: 46
[2014-11-18 01:54:24] EDIT IIIT_MarketPlace/models/menu.py: 0
[2014-11-18 01:54:35] EDIT IIIT_MarketPlace/models/menu.py: 0
[2014-11-18 01:54:36] EDIT IIIT_MarketPlace/models/menu.py: 0
[2014-11-18 02:03:09] EDIT IIIT_MarketPlace/views/layout.html: 0
[2014-11-18 02:11:01] EDIT IIIT_MarketPlace/static/plugin_layouts/layouts/Industrial/default.css: 1
[2014-11-18 02:11:01] EDIT IIIT_MarketPlace/static/plugin_layouts/layouts/Industrial/default.css: 0
[2014-11-18 02:11:02] EDIT IIIT_MarketPlace/static/plugin_layouts/layouts/Industrial/default.css: 0
[2014-11-18 02:11:02] EDIT IIIT_MarketPlace/static/plugin_layouts/layouts/Industrial/default.css: 0
[2014-11-18 02:13:32] EDIT IIIT_MarketPlace/static/plugin_layouts/layouts/Industrial/default.css: 0
[2014-11-18 02:13:32] EDIT IIIT_MarketPlace/static/plugin_layouts/layouts/Industrial/default.css: 0
[2014-11-18 02:13:32] EDIT IIIT_MarketPlace/static/plugin_layouts/layouts/Industrial/default.css: 0
[2014-11-18 02:13:33] EDIT IIIT_MarketPlace/static/plugin_layouts/layouts/Industrial/default.css: 0
[2014-11-18 02:15:05] EDIT IIIT_MarketPlace/views/loginLayout.html: 0
[2014-11-18 02:15:05] EDIT IIIT_MarketPlace/views/loginLayout.html: 0
[2014-11-18 02:15:06] EDIT IIIT_MarketPlace/views/loginLayout.html: 0
[2014-11-18 02:15:06] EDIT IIIT_MarketPlace/views/loginLayout.html: 0
[2014-11-18 02:20:37] EDIT IIIT_MarketPlace/views/loginLayout.html: 1
[2014-11-18 02:23:28] EDIT IIIT_MarketPlace/views/loginLayout.html: 3
[2014-11-18 02:23:55] EDIT IIIT_MarketPlace/views/loginLayout.html: -3
[2014-11-18 02:23:55] EDIT IIIT_MarketPlace/views/loginLayout.html: 0
[2014-11-18 02:23:55] EDIT IIIT_MarketPlace/views/loginLayout.html: 0
[2014-11-18 02:23:56] EDIT IIIT_MarketPlace/views/loginLayout.html: 0
[2014-11-18 02:23:56] EDIT IIIT_MarketPlace/views/loginLayout.html: 0
[2014-11-18 02:29:59] EDIT IIIT_MarketPlace/views/loginLayout.html: 0
[2014-11-18 02:30:00] EDIT IIIT_MarketPlace/views/loginLayout.html: 0
[2014-11-18 02:30:00] EDIT IIIT_MarketPlace/views/loginLayout.html: 0
[2014-11-18 02:30:00] EDIT IIIT_MarketPlace/views/loginLayout.html: 0
[2014-11-18 02:38:58] EDIT IIIT_MarketPlace/views/loginLayout.html: -1
[2014-11-18 02:38:58] EDIT IIIT_MarketPlace/views/loginLayout.html: 0
[2014-11-18 02:39:16] EDIT IIIT_MarketPlace/views/loginLayout.html: 0
[2014-11-18 02:39:16] EDIT IIIT_MarketPlace/views/loginLayout.html: 0
[2014-11-18 02:40:12] EDIT IIIT_MarketPlace/views/loginLayout.html: 0
[2014-11-18 02:40:13] EDIT IIIT_MarketPlace/views/loginLayout.html: 0
[2014-11-18 02:41:26] EDIT IIIT_MarketPlace/views/layout.html: 0
[2014-11-18 02:41:26] EDIT IIIT_MarketPlace/views/layout.html: 0
[2014-11-18 02:41:26] EDIT IIIT_MarketPlace/views/layout.html: 0
[2014-11-18 02:41:27] EDIT IIIT_MarketPlace/views/layout.html: 0
[2014-11-18 02:42:17] EDIT IIIT_MarketPlace/views/layout.html: 0
[2014-11-18 02:42:18] EDIT IIIT_MarketPlace/views/layout.html: 0
[2014-11-18 02:42:42] EDIT IIIT_MarketPlace/views/loginLayout.html: 0
[2014-11-18 02:42:42] EDIT IIIT_MarketPlace/views/loginLayout.html: 0
[2014-11-18 02:42:42] EDIT IIIT_MarketPlace/views/loginLayout.html: 0
[2014-11-18 02:43:37] EDIT IIIT_MarketPlace/views/loginLayout.html: 0
[2014-11-18 02:43:37] EDIT IIIT_MarketPlace/views/loginLayout.html: 0
[2014-11-18 02:44:02] EDIT IIIT_MarketPlace/views/loginLayout.html: 0
[2014-11-18 02:44:02] EDIT IIIT_MarketPlace/views/loginLayout.html: 0
[2014-11-18 02:46:30] EDIT IIIT_MarketPlace/views/loginLayout.html: 0
[2014-11-18 02:46:30] EDIT IIIT_MarketPlace/views/loginLayout.html: 0
[2014-11-18 02:46:49] EDIT IIIT_MarketPlace/views/layout.html: 0
[2014-11-18 02:46:50] EDIT IIIT_MarketPlace/views/layout.html: 0
[2014-11-18 02:46:50] EDIT IIIT_MarketPlace/views/layout.html: 0
[2014-11-18 02:46:50] EDIT IIIT_MarketPlace/views/layout.html: 0
[2014-11-18 02:56:41] EDIT IIIT_MarketPlace/views/default/index.html: 0
[2014-11-18 02:56:41] EDIT IIIT_MarketPlace/views/default/index.html: 0
[2014-11-18 02:56:41] EDIT IIIT_MarketPlace/views/default/index.html: 0
[2014-11-18 02:57:31] EDIT IIIT_MarketPlace/controllers/default.py: -6
[2014-11-18 02:57:31] EDIT IIIT_MarketPlace/controllers/default.py: 0
[2014-11-18 02:57:31] EDIT IIIT_MarketPlace/controllers/default.py: 0
[2014-11-18 02:58:03] EDIT IIIT_MarketPlace/views/default/index.html: 0
[2014-11-18 02:58:03] EDIT IIIT_MarketPlace/views/default/index.html: 0
[2014-11-18 02:58:03] EDIT IIIT_MarketPlace/views/default/index.html: 0
[2014-11-18 02:58:04] EDIT IIIT_MarketPlace/views/default/index.html: 0
[2014-11-18 02:59:23] EDIT IIIT_MarketPlace/controllers/default.py: -1
[2014-11-18 02:59:23] EDIT IIIT_MarketPlace/controllers/default.py: 0
[2014-11-18 02:59:24] EDIT IIIT_MarketPlace/controllers/default.py: 0
[2014-11-18 02:59:24] EDIT IIIT_MarketPlace/controllers/default.py: 0
[2014-11-18 03:12:30] EDIT IIIT_MarketPlace/controllers/default.py: -1
[2014-11-18 03:12:30] EDIT IIIT_MarketPlace/controllers/default.py: 0
[2014-11-18 03:12:31] EDIT IIIT_MarketPlace/controllers/default.py: 0
[2014-11-18 03:12:31] EDIT IIIT_MarketPlace/controllers/default.py: 0
[2014-11-18 03:13:11] EDIT IIIT_MarketPlace/controllers/default.py: 1
[2014-11-18 03:13:11] EDIT IIIT_MarketPlace/controllers/default.py: 0
[2014-11-18 03:13:11] EDIT IIIT_MarketPlace/controllers/default.py: 0
[2014-11-18 03:22:03] EDIT IIIT_MarketPlace/controllers/default.py: 0
[2014-11-18 03:22:04] EDIT IIIT_MarketPlace/controllers/default.py: 0
[2014-11-18 03:22:04] EDIT IIIT_MarketPlace/controllers/default.py: 0
[2014-11-18 03:22:04] EDIT IIIT_MarketPlace/controllers/default.py: 0
[2014-11-18 10:27:10] EDIT IIIT_MarketPlace/views/layout.html: -3
[2014-11-18 10:27:10] EDIT IIIT_MarketPlace/views/layout.html: 0
[2014-11-18 10:27:10] EDIT IIIT_MarketPlace/views/layout.html: 0
[2014-11-18 10:27:31] EDIT IIIT_MarketPlace/views/layout.html: 0
[2014-11-18 10:29:23] EDIT IIIT_MarketPlace/views/layout.html: 6
[2014-11-18 10:29:23] EDIT IIIT_MarketPlace/views/layout.html: 0
[2014-11-18 10:29:23] EDIT IIIT_MarketPlace/views/layout.html: 0
[2014-11-18 10:29:57] EDIT IIIT_MarketPlace/views/layout.html: 0
[2014-11-18 10:32:00] EDIT IIIT_MarketPlace/views/layout.html: 6
[2014-11-18 10:32:01] EDIT IIIT_MarketPlace/views/layout.html: 0
[2014-11-18 10:32:01] EDIT IIIT_MarketPlace/views/layout.html: 0
[2014-11-18 10:33:42] EDIT IIIT_MarketPlace/static/plugin_layouts/layouts/Simpletex/default.css: 4
[2014-11-18 10:33:42] EDIT IIIT_MarketPlace/static/plugin_layouts/layouts/Simpletex/default.css: 0
[2014-11-18 10:33:42] EDIT IIIT_MarketPlace/static/plugin_layouts/layouts/Simpletex/default.css: 0
[2014-11-18 10:33:55] EDIT IIIT_MarketPlace/static/plugin_layouts/layouts/Simpletex/default.css: 0
[2014-11-18 10:33:55] EDIT IIIT_MarketPlace/static/plugin_layouts/layouts/Simpletex/default.css: 0
[2014-11-18 10:34:12] EDIT IIIT_MarketPlace/static/plugin_layouts/layouts/Simpletex/default.css: -1
[2014-11-18 10:34:12] EDIT IIIT_MarketPlace/static/plugin_layouts/layouts/Simpletex/default.css: 0
[2014-11-18 10:34:12] EDIT IIIT_MarketPlace/static/plugin_layouts/layouts/Simpletex/default.css: 0
[2014-11-18 10:34:22] EDIT IIIT_MarketPlace/static/plugin_layouts/layouts/Simpletex/default.css: 0
[2014-11-18 10:34:23] EDIT IIIT_MarketPlace/static/plugin_layouts/layouts/Simpletex/default.css: 0
[2014-11-18 10:34:23] EDIT IIIT_MarketPlace/static/plugin_layouts/layouts/Simpletex/default.css: 0
[2014-11-18 10:34:30] EDIT IIIT_MarketPlace/static/plugin_layouts/layouts/Simpletex/default.css: 0
[2014-11-18 10:34:31] EDIT IIIT_MarketPlace/static/plugin_layouts/layouts/Simpletex/default.css: 0
[2014-11-18 10:34:31] EDIT IIIT_MarketPlace/static/plugin_layouts/layouts/Simpletex/default.css: 0
[2014-11-18 10:34:48] EDIT IIIT_MarketPlace/static/plugin_layouts/layouts/Simpletex/default.css: 0
[2014-11-18 10:34:48] EDIT IIIT_MarketPlace/static/plugin_layouts/layouts/Simpletex/default.css: 0
[2014-11-18 10:35:09] EDIT IIIT_MarketPlace/static/plugin_layouts/layouts/Simpletex/default.css: 1
[2014-11-18 10:35:09] EDIT IIIT_MarketPlace/static/plugin_layouts/layouts/Simpletex/default.css: 0
[2014-11-18 10:35:09] EDIT IIIT_MarketPlace/static/plugin_layouts/layouts/Simpletex/default.css: 0
[2014-11-18 10:45:57] EDIT IIIT_MarketPlace/models/menu.py: 1
[2014-11-18 10:45:58] EDIT IIIT_MarketPlace/models/menu.py: 0
[2014-11-18 10:46:34] EDIT IIIT_MarketPlace/models/menu.py: -1
[2014-11-18 10:46:34] EDIT IIIT_MarketPlace/models/menu.py: 0
[2014-11-18 10:46:34] EDIT IIIT_MarketPlace/models/menu.py: 0
[2014-11-18 10:46:45] EDIT IIIT_MarketPlace/models/menu.py: 0
[2014-11-18 10:46:46] EDIT IIIT_MarketPlace/models/menu.py: 0
[2014-11-18 10:46:46] EDIT IIIT_MarketPlace/models/menu.py: 0
[2014-11-18 10:46:46] EDIT IIIT_MarketPlace/models/menu.py: 0
[2014-11-18 10:46:59] EDIT IIIT_MarketPlace/models/menu.py: 0
[2014-11-18 10:46:59] EDIT IIIT_MarketPlace/models/menu.py: 0
[2014-11-18 10:47:40] EDIT IIIT_MarketPlace/models/menu.py: 0
[2014-11-18 10:47:40] EDIT IIIT_MarketPlace/models/menu.py: 0
[2014-11-18 10:47:40] EDIT IIIT_MarketPlace/models/menu.py: 0
[2014-11-18 10:47:40] EDIT IIIT_MarketPlace/models/menu.py: 0
